d:\개발공부\c++ 공부\20200706_시험(정호룡)\20200706_시험(정호룡\debug\vc142.pdb
d:\개발공부\c++ 공부\20200706_시험(정호룡)\20200706_시험(정호룡\debug\vc142.idb
d:\개발공부\c++ 공부\20200706_시험(정호룡)\20200706_시험(정호룡\debug\player.obj
d:\개발공부\c++ 공부\20200706_시험(정호룡)\20200706_시험(정호룡\debug\objmanager.obj
d:\개발공부\c++ 공부\20200706_시험(정호룡)\20200706_시험(정호룡\debug\obj.obj
d:\개발공부\c++ 공부\20200706_시험(정호룡)\20200706_시험(정호룡\debug\monster.obj
d:\개발공부\c++ 공부\20200706_시험(정호룡)\20200706_시험(정호룡\debug\mapmanager.obj
d:\개발공부\c++ 공부\20200706_시험(정호룡)\20200706_시험(정호룡\debug\map.obj
d:\개발공부\c++ 공부\20200706_시험(정호룡)\20200706_시험(정호룡\debug\main.obj
d:\개발공부\c++ 공부\20200706_시험(정호룡)\20200706_시험(정호룡\debug\core.obj
d:\개발공부\c++ 공부\20200706_시험(정호룡)\20200706_시험(정호룡\debug\bullet.obj
d:\개발공부\c++ 공부\20200706_시험(정호룡)\20200706_시험(정호룡\debug\20200706_시험(정호룡.ilk
d:\개발공부\c++ 공부\20200706_시험(정호룡)\debug\20200706_시험(정호룡.exe
d:\개발공부\c++ 공부\20200706_시험(정호룡)\debug\20200706_시험(정호룡.pdb
d:\개발공부\c++ 공부\20200706_시험(정호룡)\20200706_시험(정호룡\debug\20200706_시험(정호룡.tlog\cl.command.1.tlog
d:\개발공부\c++ 공부\20200706_시험(정호룡)\20200706_시험(정호룡\debug\20200706_시험(정호룡.tlog\cl.read.1.tlog
d:\개발공부\c++ 공부\20200706_시험(정호룡)\20200706_시험(정호룡\debug\20200706_시험(정호룡.tlog\cl.write.1.tlog
d:\개발공부\c++ 공부\20200706_시험(정호룡)\20200706_시험(정호룡\debug\20200706_시험(정호룡.tlog\link.command.1.tlog
d:\개발공부\c++ 공부\20200706_시험(정호룡)\20200706_시험(정호룡\debug\20200706_시험(정호룡.tlog\link.read.1.tlog
d:\개발공부\c++ 공부\20200706_시험(정호룡)\20200706_시험(정호룡\debug\20200706_시험(정호룡.tlog\link.write.1.tlog
